<?xml version="1.0" encoding="utf-8"?><testsuites name="pytest tests"><testsuite name="pytest" errors="0" failures="8" skipped="1" tests="83" time="172.417" timestamp="2026-04-25T20:59:45.344233+00:00" hostname="agent-env-f13545d8-860e-4c9a-803d-cfb4fcb4d445"><testcase classname="tests.test_auto_tighten_during_optimize" name="test_screenshot_zigzag_is_resolved_by_iterative_tighten" time="0.001" /><testcase classname="tests.test_auto_tighten_during_optimize" name="test_already_clean_route_is_a_no_op" time="0.000" /><testcase classname="tests.test_auto_tighten_during_optimize" name="test_tighten_terminates_under_max_passes" time="0.000" /><testcase classname="tests.test_auto_tighten_during_optimize" name="test_tighten_returns_same_stops_no_loss" time="0.000" /><testcase classname="tests.test_auto_tighten_during_optimize" name="test_verify_keeps_proposed_when_strictly_faster" time="0.001" /><testcase classname="tests.test_auto_tighten_during_optimize" name="test_verify_rolls_back_when_slower_with_no_slack" time="0.000" /><testcase classname="tests.test_auto_tighten_during_optimize" name="test_verify_accepts_slower_route_within_slack_seconds" time="0.002" /><testcase classname="tests.test_auto_tighten_during_optimize" name="test_verify_accepts_slower_route_within_slack_ratio" time="0.000" /><testcase classname="tests.test_auto_tighten_during_optimize" name="test_verify_rolls_back_beyond_slack_threshold" time="0.000" /><testcase classname="tests.test_van_layout_endpoints" name="test_allowed_shapes_documents_supported_grids" time="0.000" /><testcase classname="tests.test_van_layout_endpoints" name="test_van_layout_accepts_supported_shapes" time="0.000" /><testcase classname="tests.test_van_layout_endpoints" name="test_van_layout_pydantic_rejects_non_int_inputs" time="0.000" /><testcase classname="tests.test_van_layout_endpoints" name="test_allowed_shapes_lookup_works_for_validation" time="0.000" /><testcase classname="tests.test_open_path_tsp.TestOpenPathMatrix" name="test_empty" time="0.000" /><testcase classname="tests.test_open_path_tsp.TestOpenPathMatrix" name="test_single_node" time="0.000" /><testcase classname="tests.test_open_path_tsp.TestOpenPathMatrix" name="test_zeros_return_column_only" time="0.000" /><testcase classname="tests.test_open_path_tsp.TestOpenPathMatrix" name="test_does_not_mutate_input" time="0.000" /><testcase classname="tests.test_open_path_tsp.TestOpenPathMatrix" name="test_non_zero_depot" time="0.030" /><testcase classname="tests.test_open_path_tsp.TestOpenPathMatrix" name="test_out_of_range_depot_is_noop" time="0.001" /><testcase classname="tests.test_open_path_tsp.TestPyVRPOpenPath" name="test_river_crossing_uses_bridge_only_once" time="2.017" /><testcase classname="tests.test_open_path_tsp.TestPyVRPOpenPath" name="test_returns_all_stops_uniquely" time="1.002" /><testcase classname="tests.test_open_path_tsp.TestPyVRPOpenPath" name="test_starts_at_depot" time="1.182" /><testcase classname="tests.test_open_path_tsp.TestLKHOpenPath" name="test_river_crossing_uses_bridge_only_once" time="0.007" /><testcase classname="tests.test_open_path_tsp.TestLKHOpenPath" name="test_returns_all_stops_uniquely" time="0.005" /><testcase classname="tests.test_open_path_tsp" name="test_pyvrp_and_lkh_agree_on_open_path" time="2.025" /><testcase classname="tests.test_pyvrp_duplicate_coords.TestSanitizeOSRMMatrix" name="test_diagonal_forced_to_zero" time="0.000" /><testcase classname="tests.test_pyvrp_duplicate_coords.TestSanitizeOSRMMatrix" name="test_none_replaced_with_penalty" time="0.000" /><testcase classname="tests.test_pyvrp_duplicate_coords.TestSanitizeOSRMMatrix" name="test_negatives_replaced_with_penalty" time="0.000" /><testcase classname="tests.test_pyvrp_duplicate_coords.TestSanitizeOSRMMatrix" name="test_nan_replaced_with_penalty" time="0.000" /><testcase classname="tests.test_pyvrp_duplicate_coords.TestSanitizeOSRMMatrix" name="test_input_not_mutated" time="0.000" /><testcase classname="tests.test_pyvrp_duplicate_coords.TestPyVRPDuplicateCoordinates" name="test_all_stop_ids_appear_exactly_once" time="1.005" /><testcase classname="tests.test_pyvrp_duplicate_coords.TestPyVRPDuplicateCoordinates" name="test_duplicate_cluster_stays_contiguous" time="1.005" /><testcase classname="tests.test_pyvrp_duplicate_coords.TestPyVRPDuplicateCoordinates" name="test_open_path_optimum_with_duplicates" time="1.507" /><testcase classname="tests.test_pyvrp_duplicate_coords.TestPyVRPSolverGrouping" name="test_solver_groups_by_coord_when_provided" time="1.005" /><testcase classname="tests.test_pyvrp_duplicate_coords.TestPyVRPSolverGrouping" name="test_solver_does_not_group_when_coords_omitted" time="1.009" /><testcase classname="tests.test_pyvrp_duplicate_coords.TestPyVRPSolverGrouping" name="test_service_duration_summed_within_group" time="1.006" /><testcase classname="tests.test_pyvrp_duplicate_coords.TestPyVRPNoDuplicateRegression" name="test_river_crossing_unaffected_by_grouping" time="2.003" /><testcase classname="tests.test_solver_hamiltonicity" name="test_nearest_neighbor_preserves_all_stops" time="0.000" /><testcase classname="tests.test_solver_hamiltonicity" name="test_two_opt_preserves_all_stops_with_duplicates" time="0.000" /><testcase classname="tests.test_solver_hamiltonicity" name="test_three_opt_preserves_all_stops" time="0.000" /><testcase classname="tests.test_solver_hamiltonicity" name="test_or_opt_preserves_all_stops" time="0.000" /><testcase classname="tests.test_solver_hamiltonicity" name="test_simulated_annealing_preserves_all_stops" time="0.001" /><testcase classname="tests.test_solver_hamiltonicity" name="test_genetic_algorithm_preserves_all_stops" time="0.005" /><testcase classname="tests.test_solver_hamiltonicity" name="test_clarke_wright_preserves_all_stops" time="0.000" /><testcase classname="tests.test_solver_hamiltonicity" name="test_iterated_local_search_preserves_all_stops" time="2.001" /><testcase classname="tests.test_solver_hamiltonicity" name="test_alns_preserves_all_stops" time="0.391" /><testcase classname="tests.test_solver_hamiltonicity" name="test_ortools_preserves_all_stops" time="2.005" /><testcase classname="tests.test_solver_hamiltonicity" name="test_vroom_preserves_all_stops" time="0.022" /><testcase classname="tests.test_solver_hamiltonicity" name="test_lkh_preserves_all_stops" time="0.016" /><testcase classname="tests.test_solver_hamiltonicity" name="test_timefold_preserves_all_stops" time="0.000"><skipped type="pytest.skip" message="timefold not installed">/app/backend/tests/test_solver_hamiltonicity.py:188: timefold not installed</skipped></testcase><testcase classname="tests.test_solver_hamiltonicity" name="test_indices_by_identity_handles_duplicate_valued_stops" time="0.000" /><testcase classname="tests.test_cluster_warnings" name="test_clean_linear_route_yields_no_warnings" time="0.000" /><testcase classname="tests.test_cluster_warnings" name="test_obvious_spike_is_flagged" time="0.000" /><testcase classname="tests.test_cluster_warnings" name="test_short_detours_are_ignored" time="0.000" /><testcase classname="tests.test_cluster_warnings" name="test_returns_list_of_dicts_with_required_keys" time="0.000" /><testcase classname="tests.test_cluster_warnings" name="test_handles_short_inputs_gracefully" time="0.000" /><testcase classname="tests.test_cluster_warnings" name="test_skips_triplets_with_missing_coords" time="0.000" /><testcase classname="tests.test_cluster_warnings" name="test_does_not_mutate_input" time="0.000" /><testcase classname="tests.test_tighten_cluster" name="test_tighten_relocates_spike_and_reduces_distance" time="0.037"><failure message="AssertionError: {&quot;detail&quot;:&quot;Not authenticated&quot;}&#10;assert 401 == 200&#10; +  where 401 = &lt;Response [401 Unauthorized]&gt;.status_code">tests/test_tighten_cluster.py:85: in test_tighten_relocates_spike_and_reduces_distance
    assert r.status_code == 200, r.text
E   AssertionError: {"detail":"Not authenticated"}
E   assert 401 == 200
E    +  where 401 = &lt;Response [401 Unauthorized]&gt;.status_code</failure></testcase><testcase classname="tests.test_tighten_cluster" name="test_tighten_persists_new_order_to_mongo" time="0.003"><failure message="assert 401 == 200&#10; +  where 401 = &lt;Response [401 Unauthorized]&gt;.status_code">tests/test_tighten_cluster.py:119: in test_tighten_persists_new_order_to_mongo
    assert r.status_code == 200
E   assert 401 == 200
E    +  where 401 = &lt;Response [401 Unauthorized]&gt;.status_code</failure></testcase><testcase classname="tests.test_tighten_cluster" name="test_tighten_returns_404_for_unknown_suspect" time="0.002"><failure message="assert 401 == 404&#10; +  where 401 = &lt;Response [401 Unauthorized]&gt;.status_code">tests/test_tighten_cluster.py:135: in test_tighten_returns_404_for_unknown_suspect
    assert r.status_code == 404
E   assert 401 == 404
E    +  where 401 = &lt;Response [401 Unauthorized]&gt;.status_code</failure></testcase><testcase classname="tests.test_tighten_cluster" name="test_tighten_rejects_when_fewer_than_3_pending" time="0.002"><failure message="assert 401 == 400&#10; +  where 401 = &lt;Response [401 Unauthorized]&gt;.status_code">tests/test_tighten_cluster.py:144: in test_tighten_rejects_when_fewer_than_3_pending
    assert r.status_code == 400
E   assert 401 == 400
E    +  where 401 = &lt;Response [401 Unauthorized]&gt;.status_code</failure></testcase><testcase classname="tests.test_tighten_cluster" name="test_tighten_all_clears_every_spike" time="0.002"><failure message="AssertionError: {&quot;detail&quot;:&quot;Not authenticated&quot;}&#10;assert 401 == 200&#10; +  where 401 = &lt;Response [401 Unauthorized]&gt;.status_code">tests/test_tighten_cluster.py:189: in test_tighten_all_clears_every_spike
    assert r.status_code == 200, r.text
E   AssertionError: {"detail":"Not authenticated"}
E   assert 401 == 200
E    +  where 401 = &lt;Response [401 Unauthorized]&gt;.status_code</failure></testcase><testcase classname="tests.test_tighten_cluster" name="test_tighten_all_is_no_op_on_clean_route" time="0.002"><failure message="assert 401 == 200&#10; +  where 401 = &lt;Response [401 Unauthorized]&gt;.status_code">tests/test_tighten_cluster.py:236: in test_tighten_all_is_no_op_on_clean_route
    assert r.status_code == 200
E   assert 401 == 200
E    +  where 401 = &lt;Response [401 Unauthorized]&gt;.status_code</failure></testcase><testcase classname="tests.test_tighten_cluster" name="test_tighten_all_persists_final_order" time="0.002"><failure message="assert 401 == 200&#10; +  where 401 = &lt;Response [401 Unauthorized]&gt;.status_code">tests/test_tighten_cluster.py:248: in test_tighten_all_persists_final_order
    assert r.status_code == 200
E   assert 401 == 200
E    +  where 401 = &lt;Response [401 Unauthorized]&gt;.status_code</failure></testcase><testcase classname="tests.test_tighten_cluster" name="test_tighten_all_with_too_few_stops" time="0.003"><failure message="assert 401 == 200&#10; +  where 401 = &lt;Response [401 Unauthorized]&gt;.status_code">tests/test_tighten_cluster.py:262: in test_tighten_all_with_too_few_stops
    assert r.status_code == 200
E   assert 401 == 200
E    +  where 401 = &lt;Response [401 Unauthorized]&gt;.status_code</failure></testcase><testcase classname="tests.test_optimizer_changes_iter25.TestDetectClusterSpikesNewDefaults" name="test_triplet_with_ratio_0_4_flagged_by_new_defaults" time="0.000" /><testcase classname="tests.test_optimizer_changes_iter25.TestDetectClusterSpikesNewDefaults" name="test_small_detour_flagged_by_new_min_detour" time="0.000" /><testcase classname="tests.test_optimizer_changes_iter25.TestDetectClusterSpikesNewDefaults" name="test_obvious_spike_flagged_by_both_defaults" time="0.000" /><testcase classname="tests.test_optimizer_changes_iter25.TestGlobalTwoOptPass3OptPolish" name="test_3opt_path_runs_for_large_routes" time="0.355" /><testcase classname="tests.test_optimizer_changes_iter25.TestGlobalTwoOptPass3OptPolish" name="test_3opt_improves_or_maintains_quality" time="0.125" /><testcase classname="tests.test_optimizer_changes_iter25.TestGlobalTwoOptPass3OptPolish" name="test_small_route_skips_3opt" time="0.002" /><testcase classname="tests.test_optimizer_changes_iter25.TestThreeOptImprove" name="test_three_opt_preserves_all_indices" time="0.000" /><testcase classname="tests.test_optimizer_changes_iter25.TestThreeOptImprove" name="test_three_opt_improves_suboptimal_route" time="0.002" /><testcase classname="tests.test_optimizer_changes_iter25.TestThreeOptImprove" name="test_three_opt_handles_small_routes" time="0.000" /><testcase classname="tests.test_optimizer_changes_iter25.TestMaxIterationsScaling" name="test_large_route_gets_more_iterations" time="0.314" /><testcase classname="tests.test_optimizer_changes_iter25.TestNoRegression" name="test_detect_cluster_spikes_still_works_with_explicit_params" time="0.000" /><testcase classname="tests.test_optimizer_changes_iter25.TestNoRegression" name="test_global_two_opt_pass_handles_edge_cases" time="0.000" /><testcase classname="tests.test_optimize_smoke_iter25.TestOptimizeSmallRoute" name="test_optimize_12_stops_cluster_first" time="51.714" /><testcase classname="tests.test_optimize_smoke_iter25.TestOptimizeLargeRoute" name="test_optimize_155_stops_auto" time="14.956" /><testcase classname="tests.test_optimize_smoke_iter25.TestOptimizeLargeRoute" name="test_optimize_160_stops_cluster_first" time="51.396" /><testcase classname="tests.test_optimize_smoke_iter25.TestOptimizeEdgeCases" name="test_optimize_exactly_150_stops" time="15.186" /><testcase classname="tests.test_optimize_smoke_iter25.TestOptimizeEdgeCases" name="test_optimize_149_stops" time="14.962" /></testsuite></testsuites>