<?xml version="1.0" encoding="utf-8"?><testsuites name="pytest tests"><testsuite name="pytest" errors="0" failures="0" skipped="0" tests="12" time="6.191" timestamp="2026-03-26T15:56:22.987875+00:00" hostname="agent-env-79958b34-9e92-409b-b370-da8fa5b37792"><testcase classname="backend.tests.test_completed_stops_persistence.TestCompletedStopsPersistence" name="test_health_check" time="0.338" /><testcase classname="backend.tests.test_completed_stops_persistence.TestCompletedStopsPersistence" name="test_get_stops_returns_all_stops" time="0.144" /><testcase classname="backend.tests.test_completed_stops_persistence.TestCompletedStopsPersistence" name="test_complete_stop_sets_completed_true" time="0.269" /><testcase classname="backend.tests.test_completed_stops_persistence.TestCompletedStopsPersistence" name="test_get_stops_includes_completed_stop_after_complete" time="0.359" /><testcase classname="backend.tests.test_completed_stops_persistence.TestCompletedStopsPersistence" name="test_uncomplete_stop_sets_completed_false" time="0.375" /><testcase classname="backend.tests.test_completed_stops_persistence.TestCompletedStopsPersistence" name="test_optimize_returns_completed_stops" time="0.463" /><testcase classname="backend.tests.test_completed_stops_persistence.TestCompletedStopsPersistence" name="test_navigation_returns_completed_stops" time="2.283" /><testcase classname="backend.tests.test_completed_stops_persistence.TestCompletedStopsPersistence" name="test_navigation_completed_count_accurate" time="1.092" /><testcase classname="backend.tests.test_completed_stops_persistence.TestCompletedStopsPersistence" name="test_complete_nonexistent_stop_returns_404" time="0.128" /><testcase classname="backend.tests.test_completed_stops_persistence.TestCompletedStopsPersistence" name="test_uncomplete_nonexistent_stop_returns_404" time="0.110" /><testcase classname="backend.tests.test_completed_stops_persistence.TestCompletedStopsDataIntegrity" name="test_complete_preserves_stop_order" time="0.256" /><testcase classname="backend.tests.test_completed_stops_persistence.TestCompletedStopsDataIntegrity" name="test_complete_preserves_all_stop_fields" time="0.231" /></testsuite></testsuites>