<?xml version="1.0" encoding="utf-8"?><testsuites name="pytest tests"><testsuite name="pytest" errors="0" failures="0" skipped="0" tests="7" time="2.290" timestamp="2026-03-19T16:42:57.432336+00:00" hostname="agent-env-0249995a-80c1-4203-8663-bc530ad14e88"><testcase classname="backend.tests.test_stop_delete.TestStopDelete" name="test_health_check" time="0.612" /><testcase classname="backend.tests.test_stop_delete.TestStopDelete" name="test_create_stop_for_delete" time="0.188" /><testcase classname="backend.tests.test_stop_delete.TestStopDelete" name="test_delete_stop_immediate" time="0.238" /><testcase classname="backend.tests.test_stop_delete.TestStopDelete" name="test_delete_nonexistent_stop_returns_404" time="0.135" /><testcase classname="backend.tests.test_stop_delete.TestStopDelete" name="test_reindex_after_delete" time="0.530" /><testcase classname="backend.tests.test_stop_delete.TestStopDelete" name="test_delete_all_stops_endpoint" time="0.239" /><testcase classname="backend.tests.test_stop_delete.TestStopDeleteDuringNavigation" name="test_delete_returns_remaining_count" time="0.289" /></testsuite></testsuites>