<?xml version="1.0" encoding="utf-8"?><testsuites name="pytest tests"><testsuite name="pytest" errors="0" failures="0" skipped="0" tests="19" time="59.636" timestamp="2026-04-01T15:38:43.323417+00:00" hostname="agent-env-79958b34-9e92-409b-b370-da8fa5b37792"><testcase classname="backend.tests.test_recommendation.TestRecommendationEndpoint" name="test_recommend_returns_200" time="10.785" /><testcase classname="backend.tests.test_recommendation.TestRecommendationEndpoint" name="test_recommend_has_recommendation_field" time="12.046" /><testcase classname="backend.tests.test_recommendation.TestRecommendationEndpoint" name="test_recommend_has_characteristics_field" time="0.223" /><testcase classname="backend.tests.test_recommendation.TestRecommendationEndpoint" name="test_recommendation_has_algorithm" time="0.215" /><testcase classname="backend.tests.test_recommendation.TestRecommendationEndpoint" name="test_recommendation_has_confidence" time="0.198" /><testcase classname="backend.tests.test_recommendation.TestRecommendationEndpoint" name="test_recommendation_has_reasoning" time="0.184" /><testcase classname="backend.tests.test_recommendation.TestRecommendationEndpoint" name="test_recommendation_has_alternatives" time="0.295" /><testcase classname="backend.tests.test_recommendation.TestRouteCharacteristics" name="test_characteristics_has_stop_count" time="0.278" /><testcase classname="backend.tests.test_recommendation.TestRouteCharacteristics" name="test_characteristics_has_spread_km" time="0.139" /><testcase classname="backend.tests.test_recommendation.TestRouteCharacteristics" name="test_characteristics_has_cluster_count" time="0.150" /><testcase classname="backend.tests.test_recommendation.TestRouteCharacteristics" name="test_characteristics_has_complexity" time="0.171" /><testcase classname="backend.tests.test_recommendation.TestRouteCharacteristics" name="test_characteristics_has_cluster_ratio" time="0.146" /><testcase classname="backend.tests.test_recommendation.TestRecommendationLogic" name="test_recommend_alns_for_large_clustered_route" time="0.136" /><testcase classname="backend.tests.test_recommendation.TestBenchmarkRegression" name="test_benchmark_endpoint_works" time="0.158" /><testcase classname="backend.tests.test_recommendation.TestBenchmarkRegression" name="test_benchmark_all_algorithms" time="23.658" /><testcase classname="backend.tests.test_recommendation.TestShadowRegression" name="test_optimize_with_two_opt_includes_shadow" time="10.274" /><testcase classname="backend.tests.test_recommendation.TestStopsRegression" name="test_get_stops_returns_stable_ids" time="0.148" /><testcase classname="backend.tests.test_recommendation.TestStopsRegression" name="test_stops_have_required_fields" time="0.187" /><testcase classname="backend.tests.test_recommendation.TestRecommendationPerformance" name="test_recommend_response_time" time="0.154" /></testsuite></testsuites>