<?xml version="1.0" encoding="utf-8"?><testsuites name="pytest tests"><testsuite name="pytest" errors="0" failures="1" skipped="0" tests="10" time="83.843" timestamp="2026-03-19T17:06:42.629836+00:00" hostname="agent-env-0249995a-80c1-4203-8663-bc530ad14e88"><testcase classname="backend.tests.test_ortools_optimization.TestORToolsOptimization" name="test_health_check" time="0.257" /><testcase classname="backend.tests.test_ortools_optimization.TestORToolsOptimization" name="test_algorithms_endpoint_includes_ortools" time="0.162" /><testcase classname="backend.tests.test_ortools_optimization.TestORToolsOptimization" name="test_create_test_stops_for_ortools" time="0.990" /><testcase classname="backend.tests.test_ortools_optimization.TestORToolsOptimization" name="test_optimize_with_ortools_algorithm" time="20.214" /><testcase classname="backend.tests.test_ortools_optimization.TestORToolsOptimization" name="test_optimize_ortools_returns_valid_stop_order" time="20.243"><failure message="AssertionError: Stop orders not sequential: [0, 164, 163, 162, 161, 160, 159, 158, 157, 156, 155, 154, 153, 152, 151, 149, 150, 148, 146, 147, 145, 144, 143, 142, 141, 140, 138, 139, 137, 136, 135, 133, 134, 132, 131, 130, 129, 128, 127, 117, 115, 116, 114, 113, 112, 111, 110, 109, 108, 107, 106, 105, 100, 99, 98, 96, 95, 97, 93, 92, 94, 87, 88, 91, 90, 89, 86, 85, 84, 83, 82, 78, 81, 80, 79, 103, 102, 101, 104, 76, 77, 75, 74, 73, 72, 70, 71, 69, 68, 67, 66, 65, 64, 63, 120, 119, 118, 126, 125, 124, 123, 122, 121, 62, 61, 60, 57, 58, 59, 56, 55, 54, 53, 52, 51, 22, 23, 24, 50, 49, 48, 47, 46, 45, 44, 43, 42, 41, 40, 39, 38, 37, 36, 35, 25, 26, 28, 29, 27, 21, 20, 19, 16, 17, 18, 32, 31, 30, 34, 33, 10, 9, 8, 7, 13, 15, 14, 12, 11, 6, 5, 4, 3, 2, 1]&#10;assert [0, 164, 163,...161, 160, ...] == [0, 1, 2, 3, 4, 5, ...]&#10;  &#10;  At index 1 diff: 164 != 1&#10;  &#10;  Full diff:&#10;    [&#10;        0,&#10;  -     1,...&#10;  &#10;  ...Full output truncated (343 lines hidden), use '-vv' to show">backend/tests/test_ortools_optimization.py:164: in test_optimize_ortools_returns_valid_stop_order
    assert orders == expected_orders, f"Stop orders not sequential: {orders}"
E   AssertionError: Stop orders not sequential: [0, 164, 163, 162, 161, 160, 159, 158, 157, 156, 155, 154, 153, 152, 151, 149, 150, 148, 146, 147, 145, 144, 143, 142, 141, 140, 138, 139, 137, 136, 135, 133, 134, 132, 131, 130, 129, 128, 127, 117, 115, 116, 114, 113, 112, 111, 110, 109, 108, 107, 106, 105, 100, 99, 98, 96, 95, 97, 93, 92, 94, 87, 88, 91, 90, 89, 86, 85, 84, 83, 82, 78, 81, 80, 79, 103, 102, 101, 104, 76, 77, 75, 74, 73, 72, 70, 71, 69, 68, 67, 66, 65, 64, 63, 120, 119, 118, 126, 125, 124, 123, 122, 121, 62, 61, 60, 57, 58, 59, 56, 55, 54, 53, 52, 51, 22, 23, 24, 50, 49, 48, 47, 46, 45, 44, 43, 42, 41, 40, 39, 38, 37, 36, 35, 25, 26, 28, 29, 27, 21, 20, 19, 16, 17, 18, 32, 31, 30, 34, 33, 10, 9, 8, 7, 13, 15, 14, 12, 11, 6, 5, 4, 3, 2, 1]
E   assert [0, 164, 163,...161, 160, ...] == [0, 1, 2, 3, 4, 5, ...]
E     
E     At index 1 diff: 164 != 1
E     
E     Full diff:
E       [
E           0,
E     -     1,...
E     
E     ...Full output truncated (343 lines hidden), use '-vv' to show</failure></testcase><testcase classname="backend.tests.test_ortools_optimization.TestORToolsOptimization" name="test_optimize_ortools_reasoning_indicates_path" time="20.257" /><testcase classname="backend.tests.test_ortools_optimization.TestORToolsOptimization" name="test_cleanup_test_stops" time="0.662" /><testcase classname="backend.tests.test_ortools_optimization.TestORToolsFallbackBehavior" name="test_ortools_with_single_stop" time="20.673" /><testcase classname="backend.tests.test_ortools_optimization.TestORToolsAlgorithmList" name="test_algorithm_list_response_format" time="0.171" /><testcase classname="backend.tests.test_ortools_optimization.TestORToolsAlgorithmList" name="test_ortools_metadata_complete" time="0.127" /></testsuite></testsuites>