<?xml version="1.0" encoding="utf-8"?><testsuites name="pytest tests"><testsuite name="pytest" errors="0" failures="0" skipped="0" tests="14" time="4.537" timestamp="2026-02-10T15:03:32.198431+00:00" hostname="agent-env-bd4b01df-df91-4792-bb1b-bb626381aad8"><testcase classname="tests.test_route_refinement.TestHealthCheck" name="test_api_root" time="0.064" /><testcase classname="tests.test_route_refinement.TestMapboxToken" name="test_mapbox_token_returns_token" time="0.043" /><testcase classname="tests.test_route_refinement.TestStops" name="test_get_stops_returns_list" time="0.072" /><testcase classname="tests.test_route_refinement.TestStops" name="test_create_and_get_stop" time="0.115" /><testcase classname="tests.test_route_refinement.TestDirections" name="test_directions_returns_geometry" time="0.251" /><testcase classname="tests.test_route_refinement.TestDirections" name="test_directions_with_multiple_waypoints" time="0.122" /><testcase classname="tests.test_route_refinement.TestSectionBasedOptimization" name="test_optimize_with_sections" time="0.615" /><testcase classname="tests.test_route_refinement.TestSectionBasedOptimization" name="test_optimize_with_empty_sections" time="0.580" /><testcase classname="tests.test_route_refinement.TestSectionBasedOptimization" name="test_optimize_with_invalid_stop_ids" time="0.705" /><testcase classname="tests.test_route_refinement.TestSectionBasedOptimization" name="test_optimize_with_single_section" time="0.564" /><testcase classname="tests.test_route_refinement.TestSectionBasedOptimization" name="test_optimize_with_current_location" time="0.594" /><testcase classname="tests.test_route_refinement.TestNormalOptimization" name="test_optimize_without_sections" time="0.367" /><testcase classname="tests.test_route_refinement.TestEdgeCases" name="test_optimize_with_no_stops" time="0.043" /><testcase classname="tests.test_route_refinement.TestEdgeCases" name="test_directions_with_invalid_coordinates" time="0.194" /></testsuite></testsuites>