<?xml version="1.0" encoding="utf-8"?><testsuites name="pytest tests"><testsuite name="pytest" errors="0" failures="0" skipped="0" tests="9" time="3.564" timestamp="2026-03-19T13:52:47.588522+00:00" hostname="agent-env-0249995a-80c1-4203-8663-bc530ad14e88"><testcase classname="backend.tests.test_regeocode_address.TestRegeocodeAddressAPI" name="test_save_address_updates_address_not_coordinates" time="0.413" /><testcase classname="backend.tests.test_regeocode_address.TestRegeocodeAddressAPI" name="test_regeocode_success_updates_coordinates" time="0.408" /><testcase classname="backend.tests.test_regeocode_address.TestRegeocodeAddressAPI" name="test_regeocode_failure_keeps_old_coordinates" time="0.572" /><testcase classname="backend.tests.test_regeocode_address.TestRegeocodeAddressAPI" name="test_regeocode_endpoint_exists" time="0.357" /><testcase classname="backend.tests.test_regeocode_address.TestRegeocodeAddressAPI" name="test_regeocode_no_address_uses_existing" time="0.338" /><testcase classname="backend.tests.test_regeocode_address.TestRegeocodeAddressAPI" name="test_stop_needs_fix_badge_visible_in_list" time="0.561" /><testcase classname="backend.tests.test_regeocode_address.TestStopsAPI" name="test_health_check" time="0.161" /><testcase classname="backend.tests.test_regeocode_address.TestStopsAPI" name="test_create_stop" time="0.318" /><testcase classname="backend.tests.test_regeocode_address.TestStopsAPI" name="test_update_stop" time="0.386" /></testsuite></testsuites>