<?xml version="1.0" encoding="utf-8"?><testsuites name="pytest tests"><testsuite name="pytest" errors="0" failures="0" skipped="1" tests="52" time="42.611" timestamp="2026-04-25T11:01:22.836123+00:00" hostname="agent-env-f13545d8-860e-4c9a-803d-cfb4fcb4d445"><testcase classname="tests.test_open_path_tsp.TestOpenPathMatrix" name="test_empty" time="0.009" /><testcase classname="tests.test_open_path_tsp.TestOpenPathMatrix" name="test_single_node" time="0.596" /><testcase classname="tests.test_open_path_tsp.TestOpenPathMatrix" name="test_zeros_return_column_only" time="0.000" /><testcase classname="tests.test_open_path_tsp.TestOpenPathMatrix" name="test_does_not_mutate_input" time="0.000" /><testcase classname="tests.test_open_path_tsp.TestOpenPathMatrix" name="test_non_zero_depot" time="0.069" /><testcase classname="tests.test_open_path_tsp.TestOpenPathMatrix" name="test_out_of_range_depot_is_noop" time="0.001" /><testcase classname="tests.test_open_path_tsp.TestPyVRPOpenPath" name="test_river_crossing_uses_bridge_only_once" time="2.049" /><testcase classname="tests.test_open_path_tsp.TestPyVRPOpenPath" name="test_returns_all_stops_uniquely" time="1.004" /><testcase classname="tests.test_open_path_tsp.TestPyVRPOpenPath" name="test_starts_at_depot" time="1.002" /><testcase classname="tests.test_open_path_tsp.TestLKHOpenPath" name="test_river_crossing_uses_bridge_only_once" time="0.007" /><testcase classname="tests.test_open_path_tsp.TestLKHOpenPath" name="test_returns_all_stops_uniquely" time="0.004" /><testcase classname="tests.test_open_path_tsp" name="test_pyvrp_and_lkh_agree_on_open_path" time="2.008" /><testcase classname="tests.test_pyvrp_duplicate_coords.TestSanitizeOSRMMatrix" name="test_diagonal_forced_to_zero" time="0.000" /><testcase classname="tests.test_pyvrp_duplicate_coords.TestSanitizeOSRMMatrix" name="test_none_replaced_with_penalty" time="0.000" /><testcase classname="tests.test_pyvrp_duplicate_coords.TestSanitizeOSRMMatrix" name="test_negatives_replaced_with_penalty" time="0.000" /><testcase classname="tests.test_pyvrp_duplicate_coords.TestSanitizeOSRMMatrix" name="test_nan_replaced_with_penalty" time="0.000" /><testcase classname="tests.test_pyvrp_duplicate_coords.TestSanitizeOSRMMatrix" name="test_input_not_mutated" time="0.000" /><testcase classname="tests.test_pyvrp_duplicate_coords.TestPyVRPDuplicateCoordinates" name="test_all_stop_ids_appear_exactly_once" time="1.005" /><testcase classname="tests.test_pyvrp_duplicate_coords.TestPyVRPDuplicateCoordinates" name="test_duplicate_cluster_stays_contiguous" time="1.005" /><testcase classname="tests.test_pyvrp_duplicate_coords.TestPyVRPDuplicateCoordinates" name="test_open_path_optimum_with_duplicates" time="1.507" /><testcase classname="tests.test_pyvrp_duplicate_coords.TestPyVRPSolverGrouping" name="test_solver_groups_by_coord_when_provided" time="1.005" /><testcase classname="tests.test_pyvrp_duplicate_coords.TestPyVRPSolverGrouping" name="test_solver_does_not_group_when_coords_omitted" time="1.005" /><testcase classname="tests.test_pyvrp_duplicate_coords.TestPyVRPSolverGrouping" name="test_service_duration_summed_within_group" time="1.006" /><testcase classname="tests.test_pyvrp_duplicate_coords.TestPyVRPNoDuplicateRegression" name="test_river_crossing_unaffected_by_grouping" time="2.004" /><testcase classname="tests.test_solver_hamiltonicity" name="test_nearest_neighbor_preserves_all_stops" time="0.001" /><testcase classname="tests.test_solver_hamiltonicity" name="test_two_opt_preserves_all_stops_with_duplicates" time="0.000" /><testcase classname="tests.test_solver_hamiltonicity" name="test_three_opt_preserves_all_stops" time="0.000" /><testcase classname="tests.test_solver_hamiltonicity" name="test_or_opt_preserves_all_stops" time="0.000" /><testcase classname="tests.test_solver_hamiltonicity" name="test_simulated_annealing_preserves_all_stops" time="0.001" /><testcase classname="tests.test_solver_hamiltonicity" name="test_genetic_algorithm_preserves_all_stops" time="0.005" /><testcase classname="tests.test_solver_hamiltonicity" name="test_clarke_wright_preserves_all_stops" time="0.000" /><testcase classname="tests.test_solver_hamiltonicity" name="test_iterated_local_search_preserves_all_stops" time="2.001" /><testcase classname="tests.test_solver_hamiltonicity" name="test_alns_preserves_all_stops" time="0.382" /><testcase classname="tests.test_solver_hamiltonicity" name="test_ortools_preserves_all_stops" time="2.004" /><testcase classname="tests.test_solver_hamiltonicity" name="test_vroom_preserves_all_stops" time="0.006" /><testcase classname="tests.test_solver_hamiltonicity" name="test_lkh_preserves_all_stops" time="0.008" /><testcase classname="tests.test_solver_hamiltonicity" name="test_timefold_preserves_all_stops" time="0.000"><skipped type="pytest.skip" message="timefold not installed">/app/backend/tests/test_solver_hamiltonicity.py:188: timefold not installed</skipped></testcase><testcase classname="tests.test_solver_hamiltonicity" name="test_indices_by_identity_handles_duplicate_valued_stops" time="0.000" /><testcase classname="tests.test_optimize_api.TestAlgorithmsEndpoint" name="test_algorithms_list_contains_required" time="0.145" /><testcase classname="tests.test_optimize_api.TestAutoAlgorithmSelection" name="test_auto_with_12_stops_selects_vroom_lkh_3opt" time="1.286" /><testcase classname="tests.test_optimize_api.TestAutoAlgorithmSelection" name="test_auto_with_5_stops_selects_vroom_or_ortools" time="0.518" /><testcase classname="tests.test_optimize_api.TestIndividualAlgorithms" name="test_vroom_returns_hamiltonian_path" time="1.059" /><testcase classname="tests.test_optimize_api.TestIndividualAlgorithms" name="test_lkh_returns_hamiltonian_path" time="1.045" /><testcase classname="tests.test_optimize_api.TestIndividualAlgorithms" name="test_pyvrp_returns_hamiltonian_path" time="3.056" /><testcase classname="tests.test_optimize_api.TestIndividualAlgorithms" name="test_ortools_returns_hamiltonian_path" time="3.978" /><testcase classname="tests.test_optimize_api.TestIndividualAlgorithms" name="test_vroom_lkh_3opt_returns_hamiltonian_path_with_time_savings" time="1.116" /><testcase classname="tests.test_optimize_api.TestIndividualAlgorithms" name="test_three_opt_does_not_crash_on_asymmetric_matrix" time="1.046" /><testcase classname="tests.test_optimize_api.TestResponseStructure" name="test_response_includes_all_fields" time="1.041" /><testcase classname="tests.test_optimize_api.TestLargeRoutes" name="test_30_stops_with_auto" time="4.811" /><testcase classname="tests.test_optimize_api.TestRepeatedCalls" name="test_repeated_optimize_no_flakiness" time="1.792" /><testcase classname="tests.test_optimize_api.TestEdgeCases" name="test_2_stops_minimum" time="0.237" /><testcase classname="tests.test_optimize_api.TestEdgeCases" name="test_1_stop_returns_message" time="0.208" /></testsuite></testsuites>