<?xml version="1.0" encoding="utf-8"?><testsuites name="pytest tests"><testsuite name="pytest" errors="0" failures="0" skipped="0" tests="9" time="1.381" timestamp="2026-04-10T12:20:02.005545+00:00" hostname="agent-env-79958b34-9e92-409b-b370-da8fa5b37792"><testcase classname="backend.tests.test_map_demo_apis.TestStopsAPI" name="test_get_stops_returns_200" time="0.282" /><testcase classname="backend.tests.test_map_demo_apis.TestStopsAPI" name="test_stops_have_required_fields" time="0.115" /><testcase classname="backend.tests.test_map_demo_apis.TestStopsAPI" name="test_stops_count_is_55" time="0.140" /><testcase classname="backend.tests.test_map_demo_apis.TestDirectionsAPI" name="test_directions_returns_200" time="0.162" /><testcase classname="backend.tests.test_map_demo_apis.TestDirectionsAPI" name="test_directions_geometry_is_linestring" time="0.108" /><testcase classname="backend.tests.test_map_demo_apis.TestDirectionsAPI" name="test_directions_has_distance_and_duration" time="0.147" /><testcase classname="backend.tests.test_map_demo_apis.TestMapTestPage" name="test_map_test_returns_html" time="0.101" /><testcase classname="backend.tests.test_map_demo_apis.TestMapTestPage" name="test_map_test_contains_maplibre" time="0.118" /><testcase classname="backend.tests.test_map_demo_apis.TestHealthEndpoint" name="test_health_returns_200" time="0.103" /></testsuite></testsuites>