<?xml version="1.0" encoding="utf-8"?><testsuites name="pytest tests"><testsuite name="pytest" errors="0" failures="0" skipped="0" tests="9" time="21.164" timestamp="2026-04-09T09:06:23.892544+00:00" hostname="agent-env-79958b34-9e92-409b-b370-da8fa5b37792"><testcase classname="backend.tests.test_osrm_directions_cache.TestHealthCheck" name="test_root_health_check" time="0.895" /><testcase classname="backend.tests.test_osrm_directions_cache.TestOSRMDirections" name="test_directions_returns_osrm_source" time="0.155" /><testcase classname="backend.tests.test_osrm_directions_cache.TestOSRMDirections" name="test_directions_with_multiple_waypoints" time="0.152" /><testcase classname="backend.tests.test_osrm_directions_cache.TestOSRMDirections" name="test_directions_step_instruction_format" time="0.176" /><testcase classname="backend.tests.test_osrm_directions_cache.TestCacheStats" name="test_cache_stats_endpoint" time="0.129" /><testcase classname="backend.tests.test_osrm_directions_cache.TestCacheStats" name="test_cache_hit_miss_counters" time="0.602" /><testcase classname="backend.tests.test_osrm_directions_cache.TestOptimizeEndpoint" name="test_optimize_returns_valid_results" time="9.638" /><testcase classname="backend.tests.test_osrm_directions_cache.TestOptimizeEndpoint" name="test_optimize_with_auto_algorithm" time="8.998" /><testcase classname="backend.tests.test_osrm_directions_cache.TestDirectionsCacheIntegration" name="test_directions_cache_key_rounding" time="0.297" /></testsuite></testsuites>