<?xml version="1.0" encoding="utf-8"?><testsuites name="pytest tests"><testsuite name="pytest" errors="0" failures="0" skipped="0" tests="9" time="9.890" timestamp="2026-04-09T09:35:02.856966+00:00" hostname="agent-env-79958b34-9e92-409b-b370-da8fa5b37792"><testcase classname="backend.tests.test_p3_traffic_aware_features.TestTrafficInfo" name="test_traffic_info_endpoint" time="1.104" /><testcase classname="backend.tests.test_p3_traffic_aware_features.TestCacheStatsWithOSRMDistance" name="test_cache_stats_includes_osrm_distance" time="0.150" /><testcase classname="backend.tests.test_p3_traffic_aware_features.TestOSRMDirections" name="test_directions_returns_osrm_source" time="0.150" /><testcase classname="backend.tests.test_p3_traffic_aware_features.TestTrafficAwareOptimization" name="test_optimize_with_traffic_aware_am_peak" time="2.079" /><testcase classname="backend.tests.test_p3_traffic_aware_features.TestTrafficAwareOptimization" name="test_optimize_with_traffic_aware_night_free_flow" time="1.509" /><testcase classname="backend.tests.test_p3_traffic_aware_features.TestTrafficAwareOptimization" name="test_optimize_without_traffic_aware" time="1.528" /><testcase classname="backend.tests.test_p3_traffic_aware_features.TestTrafficAwareOptimization" name="test_optimize_with_traffic_aware_pm_peak" time="1.450" /><testcase classname="backend.tests.test_p3_traffic_aware_features.TestOptimizeWithOSRM" name="test_optimize_returns_valid_results_with_osrm" time="1.124" /><testcase classname="backend.tests.test_p3_traffic_aware_features.TestHealthCheck" name="test_root_health_check" time="0.706" /></testsuite></testsuites>