<?xml version="1.0" encoding="utf-8"?><testsuites name="pytest tests"><testsuite name="pytest" errors="0" failures="0" skipped="0" tests="34" time="113.595" timestamp="2026-04-01T12:39:46.369906+00:00" hostname="agent-env-79958b34-9e92-409b-b370-da8fa5b37792"><testcase classname="backend.tests.test_alns_solver.TestRouteCost" name="test_route_cost_simple" time="0.000" /><testcase classname="backend.tests.test_alns_solver.TestRouteCost" name="test_route_cost_single_node" time="0.000" /><testcase classname="backend.tests.test_alns_solver.TestRouteCost" name="test_route_cost_two_nodes" time="0.000" /><testcase classname="backend.tests.test_alns_solver.TestRouteCost" name="test_route_cost_reverse_order" time="0.000" /><testcase classname="backend.tests.test_alns_solver.TestNNInitial" name="test_nn_initial_simple" time="0.000" /><testcase classname="backend.tests.test_alns_solver.TestNNInitial" name="test_nn_initial_different_start" time="0.000" /><testcase classname="backend.tests.test_alns_solver.TestNNInitial" name="test_nn_initial_all_nodes_visited" time="0.000" /><testcase classname="backend.tests.test_alns_solver.TestDestroyOperators" name="test_random_removal_preserves_start" time="0.000" /><testcase classname="backend.tests.test_alns_solver.TestDestroyOperators" name="test_worst_removal_preserves_start" time="0.000" /><testcase classname="backend.tests.test_alns_solver.TestDestroyOperators" name="test_shaw_removal_preserves_start" time="0.000" /><testcase classname="backend.tests.test_alns_solver.TestDestroyOperators" name="test_removal_returns_correct_count" time="0.000" /><testcase classname="backend.tests.test_alns_solver.TestRepairOperators" name="test_greedy_insert_all_nodes" time="0.000" /><testcase classname="backend.tests.test_alns_solver.TestRepairOperators" name="test_regret_2_insert_all_nodes" time="0.000" /><testcase classname="backend.tests.test_alns_solver.TestRepairOperators" name="test_regret_3_insert_all_nodes" time="0.000" /><testcase classname="backend.tests.test_alns_solver.TestLocalSearch" name="test_two_opt_pass_improves_or_maintains" time="0.000" /><testcase classname="backend.tests.test_alns_solver.TestLocalSearch" name="test_or_opt_pass_improves_or_maintains" time="0.000" /><testcase classname="backend.tests.test_alns_solver.TestLocalSearch" name="test_local_search_polish_preserves_all_nodes" time="0.000" /><testcase classname="backend.tests.test_alns_solver.TestALNSHybridOptimize" name="test_alns_single_stop" time="0.000" /><testcase classname="backend.tests.test_alns_solver.TestALNSHybridOptimize" name="test_alns_two_stops" time="0.000" /><testcase classname="backend.tests.test_alns_solver.TestALNSHybridOptimize" name="test_alns_three_stops" time="0.000" /><testcase classname="backend.tests.test_alns_solver.TestALNSHybridOptimize" name="test_alns_preserves_all_stops" time="0.383" /><testcase classname="backend.tests.test_alns_solver.TestALNSHybridOptimize" name="test_alns_respects_start_index" time="0.000" /><testcase classname="backend.tests.test_alns_solver.TestALNSHybridOptimize" name="test_alns_improves_solution" time="0.124" /><testcase classname="backend.tests.test_alns_solver.TestOptimizeAPIWithALNS" name="test_health_check" time="0.250" /><testcase classname="backend.tests.test_alns_solver.TestOptimizeAPIWithALNS" name="test_optimize_with_alns_algorithm" time="15.159" /><testcase classname="backend.tests.test_alns_solver.TestOptimizeAPIWithALNS" name="test_optimize_auto_selects_alns_for_large_routes" time="15.247" /><testcase classname="backend.tests.test_alns_solver.TestOptimizeAPIWithALNS" name="test_optimize_alns_preserves_all_stops" time="15.241" /><testcase classname="backend.tests.test_alns_solver.TestOptimizeAPIWithALNS" name="test_optimize_alns_returns_valid_stop_structure" time="15.176" /><testcase classname="backend.tests.test_alns_solver.TestOptimizeAPIRegression" name="test_optimize_with_ortools" time="20.311" /><testcase classname="backend.tests.test_alns_solver.TestOptimizeAPIRegression" name="test_optimize_with_two_opt" time="0.172" /><testcase classname="backend.tests.test_alns_solver.TestOptimizeAPIRegression" name="test_optimize_with_nearest_neighbor" time="0.155" /><testcase classname="backend.tests.test_alns_solver.TestOptimizeAPIRegression" name="test_optimize_algorithms_endpoint" time="0.104" /><testcase classname="backend.tests.test_alns_solver.TestOptimizeEdgeCases" name="test_optimize_with_current_location" time="15.157" /><testcase classname="backend.tests.test_alns_solver.TestOptimizeEdgeCases" name="test_optimize_response_includes_distance" time="16.019" /></testsuite></testsuites>