<?xml version="1.0" encoding="utf-8"?><testsuites name="pytest tests"><testsuite name="pytest" errors="0" failures="0" skipped="0" tests="11" time="3.602" timestamp="2026-04-09T10:23:37.357567+00:00" hostname="agent-env-79958b34-9e92-409b-b370-da8fa5b37792"><testcase classname="backend.tests.test_route_history_stats.TestRouteHistoryStats" name="test_archive_route_with_stops" time="0.414" /><testcase classname="backend.tests.test_route_history_stats.TestRouteHistoryStats" name="test_archive_route_no_stops" time="0.138" /><testcase classname="backend.tests.test_route_history_stats.TestRouteHistoryStats" name="test_get_route_history_list" time="0.277" /><testcase classname="backend.tests.test_route_history_stats.TestRouteHistoryStats" name="test_get_route_detail_with_stops" time="0.349" /><testcase classname="backend.tests.test_route_history_stats.TestRouteHistoryStats" name="test_get_route_detail_not_found" time="0.114" /><testcase classname="backend.tests.test_route_history_stats.TestRouteHistoryStats" name="test_delete_route_from_history" time="0.432" /><testcase classname="backend.tests.test_route_history_stats.TestRouteHistoryStats" name="test_delete_route_not_found" time="0.124" /><testcase classname="backend.tests.test_route_history_stats.TestRouteHistoryStats" name="test_get_route_stats" time="0.440" /><testcase classname="backend.tests.test_route_history_stats.TestRouteHistoryStats" name="test_get_route_stats_empty" time="0.107" /><testcase classname="backend.tests.test_route_history_stats.TestRouteHistorySummaryFields" name="test_summary_weight_and_quantity_calculation" time="0.577" /><testcase classname="backend.tests.test_route_history_stats.TestRouteHistoryIntegration" name="test_full_workflow_archive_list_detail_delete" time="0.549" /></testsuite></testsuites>