<?xml version="1.0" encoding="utf-8"?><testsuites name="pytest tests"><testsuite name="pytest" errors="0" failures="0" skipped="0" tests="13" time="3.772" timestamp="2026-02-25T00:36:38.059313+00:00" hostname="agent-env-5a1c7fba-dc61-4b95-b767-b91ff1236319"><testcase classname="backend.tests.test_backend_api.TestHealthAndAuth" name="test_health_endpoint" time="0.318" /><testcase classname="backend.tests.test_backend_api.TestHealthAndAuth" name="test_mapbox_token" time="0.132" /><testcase classname="backend.tests.test_backend_api.TestStopsCRUD" name="test_get_stops" time="0.133" /><testcase classname="backend.tests.test_backend_api.TestStopsCRUD" name="test_create_stop" time="0.154" /><testcase classname="backend.tests.test_backend_api.TestStopsCRUD" name="test_create_and_delete_stop" time="0.480" /><testcase classname="backend.tests.test_backend_api.TestStopsClear" name="test_clear_stops_endpoint" time="0.118" /><testcase classname="backend.tests.test_backend_api.TestImportProcess" name="test_import_process_requires_file" time="0.129" /><testcase classname="backend.tests.test_backend_api.TestDirectionsAndNavigation" name="test_directions_endpoint" time="1.053" /><testcase classname="backend.tests.test_backend_api.TestOptimization" name="test_optimize_endpoint" time="0.927" /><testcase classname="backend.tests.test_backend_api.TestGeoJSONSources" name="test_navigation_map_geojson_sources" time="0.000" /><testcase classname="backend.tests.test_backend_api.TestGeoJSONSources" name="test_planning_map_geojson_sources" time="0.000" /><testcase classname="backend.tests.test_backend_api.TestGeoJSONSources" name="test_legacy_files_removed" time="0.000" /><testcase classname="backend.tests.test_backend_api.TestGeoJSONSources" name="test_route_index_no_stopmarker_export" time="0.199" /></testsuite></testsuites>