<?xml version="1.0" encoding="utf-8"?><testsuites name="pytest tests"><testsuite name="pytest" errors="0" failures="0" skipped="0" tests="10" time="2.729" timestamp="2026-03-17T09:06:52.937449+00:00" hostname="agent-env-0249995a-80c1-4203-8663-bc530ad14e88"><testcase classname="backend.tests.test_android_auto_integration.TestHealthCheck" name="test_api_health" time="0.218" /><testcase classname="backend.tests.test_android_auto_integration.TestCarNextStops" name="test_car_next_stops_returns_list" time="0.148" /><testcase classname="backend.tests.test_android_auto_integration.TestCarNextStops" name="test_car_next_stops_limit_param" time="0.144" /><testcase classname="backend.tests.test_android_auto_integration.TestCarStopAction" name="test_stop_action_skip_updates_delivery_status" time="0.345" /><testcase classname="backend.tests.test_android_auto_integration.TestCarStopAction" name="test_stop_action_delivered_updates_completed" time="0.349" /><testcase classname="backend.tests.test_android_auto_integration.TestCarStopAction" name="test_stop_action_failed_updates_status" time="0.265" /><testcase classname="backend.tests.test_android_auto_integration.TestCarStopAction" name="test_stop_action_invalid_stop_returns_404" time="0.122" /><testcase classname="backend.tests.test_android_auto_integration.TestGeocodeRegressionCheck" name="test_geocode_returns_all_required_fields" time="0.546" /><testcase classname="backend.tests.test_android_auto_integration.TestStopsCRUDBasics" name="test_get_stops_returns_list" time="0.124" /><testcase classname="backend.tests.test_android_auto_integration.TestStopsCRUDBasics" name="test_create_and_delete_stop" time="0.393" /></testsuite></testsuites>