<?xml version="1.0" encoding="utf-8"?><testsuites name="pytest tests"><testsuite name="pytest" errors="0" failures="0" skipped="0" tests="14" time="5.138" timestamp="2026-02-10T14:18:26.367778+00:00" hostname="agent-env-04ac7046-06a3-44ad-a482-79da4c33d218"><testcase classname="tests.test_route_refinement.TestHealthCheck" name="test_api_root" time="0.080" /><testcase classname="tests.test_route_refinement.TestMapboxToken" name="test_mapbox_token_returns_token" time="0.040" /><testcase classname="tests.test_route_refinement.TestStops" name="test_get_stops_returns_list" time="0.045" /><testcase classname="tests.test_route_refinement.TestStops" name="test_create_and_get_stop" time="0.067" /><testcase classname="tests.test_route_refinement.TestDirections" name="test_directions_returns_geometry" time="0.293" /><testcase classname="tests.test_route_refinement.TestDirections" name="test_directions_with_multiple_waypoints" time="0.251" /><testcase classname="tests.test_route_refinement.TestSectionBasedOptimization" name="test_optimize_with_sections" time="1.018" /><testcase classname="tests.test_route_refinement.TestSectionBasedOptimization" name="test_optimize_with_empty_sections" time="0.671" /><testcase classname="tests.test_route_refinement.TestSectionBasedOptimization" name="test_optimize_with_invalid_stop_ids" time="0.557" /><testcase classname="tests.test_route_refinement.TestSectionBasedOptimization" name="test_optimize_with_single_section" time="0.626" /><testcase classname="tests.test_route_refinement.TestSectionBasedOptimization" name="test_optimize_with_current_location" time="0.635" /><testcase classname="tests.test_route_refinement.TestNormalOptimization" name="test_optimize_without_sections" time="0.428" /><testcase classname="tests.test_route_refinement.TestEdgeCases" name="test_optimize_with_no_stops" time="0.042" /><testcase classname="tests.test_route_refinement.TestEdgeCases" name="test_directions_with_invalid_coordinates" time="0.191" /></testsuite></testsuites>