<?xml version="1.0" encoding="utf-8"?><testsuites name="pytest tests"><testsuite name="pytest" errors="0" failures="0" skipped="1" tests="15" time="55.261" timestamp="2026-04-01T15:29:04.082437+00:00" hostname="agent-env-79958b34-9e92-409b-b370-da8fa5b37792"><testcase classname="backend.tests.test_benchmark_shadow.TestRegressionCRUD" name="test_get_stops_works" time="0.257" /><testcase classname="backend.tests.test_benchmark_shadow.TestRegressionCRUD" name="test_create_stop_works" time="0.118" /><testcase classname="backend.tests.test_benchmark_shadow.TestBenchmarkEndpoint" name="test_benchmark_with_quick_algorithms" time="0.092" /><testcase classname="backend.tests.test_benchmark_shadow.TestBenchmarkEndpoint" name="test_benchmark_results_sorted_by_distance" time="0.098" /><testcase classname="backend.tests.test_benchmark_shadow.TestBenchmarkEndpoint" name="test_benchmark_winner_is_best_algorithm" time="0.093" /><testcase classname="backend.tests.test_benchmark_shadow.TestBenchmarkEndpoint" name="test_benchmark_with_specific_algorithms" time="0.093" /><testcase classname="backend.tests.test_benchmark_shadow.TestBenchmarkEndpoint" name="test_benchmark_all_algorithms" time="23.599" /><testcase classname="backend.tests.test_benchmark_shadow.TestBenchmarkEndpoint" name="test_benchmark_quality_metrics_present" time="0.091" /><testcase classname="backend.tests.test_benchmark_shadow.TestBenchmarkEdgeCases" name="test_benchmark_with_no_stops_returns_400" time="0.065"><skipped type="pytest.skip" message="Need fewer than 2 incomplete stops to test 400 response">/app/backend/tests/test_benchmark_shadow.py:235: Need fewer than 2 incomplete stops to test 400 response</skipped></testcase><testcase classname="backend.tests.test_benchmark_shadow.TestBenchmarkEdgeCases" name="test_benchmark_with_unknown_algorithm_ignored" time="0.083" /><testcase classname="backend.tests.test_benchmark_shadow.TestShadowTesting" name="test_optimize_includes_shadow_result" time="10.145" /><testcase classname="backend.tests.test_benchmark_shadow.TestShadowTesting" name="test_shadow_algorithm_different_from_primary" time="10.143" /><testcase classname="backend.tests.test_benchmark_shadow.TestShadowTesting" name="test_shadow_savings_calculation" time="10.156" /><testcase classname="backend.tests.test_benchmark_shadow.TestBenchmarkWithCurrentLocation" name="test_benchmark_with_current_location" time="0.090" /><testcase classname="backend.tests.test_benchmark_shadow.TestCleanup" name="test_cleanup_test_stops" time="0.064" /></testsuite></testsuites>