<?xml version="1.0" encoding="utf-8"?><testsuites name="pytest tests"><testsuite name="pytest" errors="0" failures="0" skipped="0" tests="45" time="96.866" timestamp="2026-04-25T20:28:02.550143+00:00" hostname="agent-env-f13545d8-860e-4c9a-803d-cfb4fcb4d445"><testcase classname="tests.test_auto_tighten_during_optimize" name="test_screenshot_zigzag_is_resolved_by_iterative_tighten" time="0.004" /><testcase classname="tests.test_auto_tighten_during_optimize" name="test_already_clean_route_is_a_no_op" time="0.002" /><testcase classname="tests.test_auto_tighten_during_optimize" name="test_tighten_terminates_under_max_passes" time="0.001" /><testcase classname="tests.test_auto_tighten_during_optimize" name="test_tighten_returns_same_stops_no_loss" time="0.003" /><testcase classname="tests.test_auto_tighten_during_optimize" name="test_verify_keeps_proposed_when_strictly_faster" time="0.001" /><testcase classname="tests.test_auto_tighten_during_optimize" name="test_verify_rolls_back_when_slower_with_no_slack" time="0.003" /><testcase classname="tests.test_auto_tighten_during_optimize" name="test_verify_accepts_slower_route_within_slack_seconds" time="0.001" /><testcase classname="tests.test_auto_tighten_during_optimize" name="test_verify_accepts_slower_route_within_slack_ratio" time="0.000" /><testcase classname="tests.test_auto_tighten_during_optimize" name="test_verify_rolls_back_beyond_slack_threshold" time="0.000" /><testcase classname="tests.test_van_layout_endpoints" name="test_allowed_shapes_documents_supported_grids" time="0.000" /><testcase classname="tests.test_van_layout_endpoints" name="test_van_layout_accepts_supported_shapes" time="0.000" /><testcase classname="tests.test_van_layout_endpoints" name="test_van_layout_pydantic_rejects_non_int_inputs" time="0.001" /><testcase classname="tests.test_van_layout_endpoints" name="test_allowed_shapes_lookup_works_for_validation" time="0.000" /><testcase classname="tests.test_open_path_tsp.TestOpenPathMatrix" name="test_empty" time="0.000" /><testcase classname="tests.test_open_path_tsp.TestOpenPathMatrix" name="test_single_node" time="0.000" /><testcase classname="tests.test_open_path_tsp.TestOpenPathMatrix" name="test_zeros_return_column_only" time="0.000" /><testcase classname="tests.test_open_path_tsp.TestOpenPathMatrix" name="test_does_not_mutate_input" time="0.000" /><testcase classname="tests.test_open_path_tsp.TestOpenPathMatrix" name="test_non_zero_depot" time="0.000" /><testcase classname="tests.test_open_path_tsp.TestOpenPathMatrix" name="test_out_of_range_depot_is_noop" time="0.000" /><testcase classname="tests.test_open_path_tsp.TestPyVRPOpenPath" name="test_river_crossing_uses_bridge_only_once" time="2.003" /><testcase classname="tests.test_open_path_tsp.TestPyVRPOpenPath" name="test_returns_all_stops_uniquely" time="1.003" /><testcase classname="tests.test_open_path_tsp.TestPyVRPOpenPath" name="test_starts_at_depot" time="1.002" /><testcase classname="tests.test_open_path_tsp.TestLKHOpenPath" name="test_river_crossing_uses_bridge_only_once" time="0.006" /><testcase classname="tests.test_open_path_tsp.TestLKHOpenPath" name="test_returns_all_stops_uniquely" time="0.004" /><testcase classname="tests.test_open_path_tsp" name="test_pyvrp_and_lkh_agree_on_open_path" time="2.008" /><testcase classname="tests.test_pyvrp_duplicate_coords.TestSanitizeOSRMMatrix" name="test_diagonal_forced_to_zero" time="0.000" /><testcase classname="tests.test_pyvrp_duplicate_coords.TestSanitizeOSRMMatrix" name="test_none_replaced_with_penalty" time="0.000" /><testcase classname="tests.test_pyvrp_duplicate_coords.TestSanitizeOSRMMatrix" name="test_negatives_replaced_with_penalty" time="0.000" /><testcase classname="tests.test_pyvrp_duplicate_coords.TestSanitizeOSRMMatrix" name="test_nan_replaced_with_penalty" time="0.000" /><testcase classname="tests.test_pyvrp_duplicate_coords.TestSanitizeOSRMMatrix" name="test_input_not_mutated" time="0.000" /><testcase classname="tests.test_pyvrp_duplicate_coords.TestPyVRPDuplicateCoordinates" name="test_all_stop_ids_appear_exactly_once" time="1.005" /><testcase classname="tests.test_pyvrp_duplicate_coords.TestPyVRPDuplicateCoordinates" name="test_duplicate_cluster_stays_contiguous" time="1.005" /><testcase classname="tests.test_pyvrp_duplicate_coords.TestPyVRPDuplicateCoordinates" name="test_open_path_optimum_with_duplicates" time="1.507" /><testcase classname="tests.test_pyvrp_duplicate_coords.TestPyVRPSolverGrouping" name="test_solver_groups_by_coord_when_provided" time="1.005" /><testcase classname="tests.test_pyvrp_duplicate_coords.TestPyVRPSolverGrouping" name="test_solver_does_not_group_when_coords_omitted" time="1.005" /><testcase classname="tests.test_pyvrp_duplicate_coords.TestPyVRPSolverGrouping" name="test_service_duration_summed_within_group" time="1.006" /><testcase classname="tests.test_pyvrp_duplicate_coords.TestPyVRPNoDuplicateRegression" name="test_river_crossing_unaffected_by_grouping" time="2.004" /><testcase classname="tests.test_optimize_and_van_layout_http.TestOptimizeEndpoint" name="test_optimize_returns_200_with_required_fields" time="13.291" /><testcase classname="tests.test_optimize_and_van_layout_http.TestOptimizeEndpoint" name="test_optimize_no_hamiltonian_violations" time="13.228" /><testcase classname="tests.test_optimize_and_van_layout_http.TestOptimizeEndpoint" name="test_optimize_spike_detection_fixture" time="13.218" /><testcase classname="tests.test_optimize_and_van_layout_http.TestVanLayoutEndpoint" name="test_van_layout_get_default_for_fresh_user" time="0.153" /><testcase classname="tests.test_optimize_and_van_layout_http.TestVanLayoutEndpoint" name="test_van_layout_put_valid_shape_persists" time="0.242" /><testcase classname="tests.test_optimize_and_van_layout_http.TestVanLayoutEndpoint" name="test_van_layout_put_invalid_shape_returns_400" time="0.111" /><testcase classname="tests.test_optimize_and_van_layout_http.TestVanLayoutEndpoint" name="test_van_layout_put_another_invalid_shape" time="0.113" /><testcase classname="tests.test_optimize_and_van_layout_http.TestOptimizeEndpointNoAuth" name="test_optimize_with_different_solvers" time="39.609" /></testsuite></testsuites>