<?xml version="1.0" encoding="utf-8"?><testsuites name="pytest tests"><testsuite name="pytest" errors="0" failures="1" skipped="0" tests="9" time="247.256" timestamp="2026-04-06T15:45:41.638783+00:00" hostname="agent-env-79958b34-9e92-409b-b370-da8fa5b37792"><testcase classname="backend.tests.test_cluster_first_upgrade.TestHealthCheck" name="test_health_check" time="0.903" /><testcase classname="backend.tests.test_cluster_first_upgrade.TestStopsEndpoint" name="test_get_stops_returns_large_dataset" time="0.158" /><testcase classname="backend.tests.test_cluster_first_upgrade.TestClusterFirstUpgrade" name="test_ortools_upgrades_to_cluster_first_on_large_route" time="56.739" /><testcase classname="backend.tests.test_cluster_first_upgrade.TestClusterFirstUpgrade" name="test_alns_upgrades_to_cluster_first_on_large_route" time="17.548" /><testcase classname="backend.tests.test_cluster_first_upgrade.TestClusterFirstUpgrade" name="test_cluster_first_direct_no_double_wrapping" time="57.618" /><testcase classname="backend.tests.test_cluster_first_upgrade.TestClusterFirstUpgrade" name="test_auto_selects_cluster_first_for_large_route" time="57.167" /><testcase classname="backend.tests.test_cluster_first_upgrade.TestClusterInfoStructure" name="test_cluster_info_has_required_fields" time="56.828"><failure message="AssertionError: Cluster missing 'cluster_id' field&#10;assert 'cluster_id' in {'border_color': 'rgba(59, 130, 246, 0.8)', 'centroid': {'latitude': -26.775572, 'longitude': 153.092217}, 'fill_color': 'rgba(59, 130, 246, 0.25)', 'id': 0, ...}">backend/tests/test_cluster_first_upgrade.py:215: in test_cluster_info_has_required_fields
    assert field in first_cluster, f"Cluster missing '{field}' field"
E   AssertionError: Cluster missing 'cluster_id' field
E   assert 'cluster_id' in {'border_color': 'rgba(59, 130, 246, 0.8)', 'centroid': {'latitude': -26.775572, 'longitude': 153.092217}, 'fill_color': 'rgba(59, 130, 246, 0.25)', 'id': 0, ...}</failure></testcase><testcase classname="backend.tests.test_cluster_first_upgrade.TestSmallRouteNoUpgrade" name="test_small_route_keeps_original_algorithm" time="0.000" /><testcase classname="backend.tests.test_cluster_first_upgrade.TestAlgorithmsEndpoint" name="test_algorithms_list_includes_cluster_first" time="0.206" /></testsuite></testsuites>