<?xml version="1.0" encoding="utf-8"?><testsuites name="pytest tests"><testsuite name="pytest" errors="0" failures="4" skipped="0" tests="18" time="501.185" timestamp="2026-04-06T10:54:29.313732+00:00" hostname="agent-env-79958b34-9e92-409b-b370-da8fa5b37792"><testcase classname="backend.tests.test_vrp_solver_audit.TestHealthCheck" name="test_backend_health" time="10.113"><failure message="requests.exceptions.ReadTimeout: HTTPSConnectionPool(host='waypoint-nav-1.preview.emergentagent.com', port=443): Read timed out. (read timeout=10)">/root/.venv/lib/python3.11/site-packages/urllib3/connectionpool.py:534: in _make_request
    response = conn.getresponse()
               ^^^^^^^^^^^^^^^^^^
/root/.venv/lib/python3.11/site-packages/urllib3/connection.py:571: in getresponse
    httplib_response = super().getresponse()
                       ^^^^^^^^^^^^^^^^^^^^^
/usr/local/lib/python3.11/http/client.py:1415: in getresponse
    response.begin()
/usr/local/lib/python3.11/http/client.py:330: in begin
    version, status, reason = self._read_status()
                              ^^^^^^^^^^^^^^^^^^^
/usr/local/lib/python3.11/http/client.py:291: in _read_status
    line = str(self.fp.readline(_MAXLINE + 1), "iso-8859-1")
               ^^^^^^^^^^^^^^^^^^^^^^^^^^^^^^
/usr/local/lib/python3.11/socket.py:718: in readinto
    return self._sock.recv_into(b)
           ^^^^^^^^^^^^^^^^^^^^^^^
/usr/local/lib/python3.11/ssl.py:1314: in recv_into
    return self.read(nbytes, buffer)
           ^^^^^^^^^^^^^^^^^^^^^^^^^
/usr/local/lib/python3.11/ssl.py:1166: in read
    return self._sslobj.read(len, buffer)
           ^^^^^^^^^^^^^^^^^^^^^^^^^^^^^^
E   TimeoutError: The read operation timed out

The above exception was the direct cause of the following exception:
/root/.venv/lib/python3.11/site-packages/requests/adapters.py:644: in send
    resp = conn.urlopen(
/root/.venv/lib/python3.11/site-packages/urllib3/connectionpool.py:841: in urlopen
    retries = retries.increment(
/root/.venv/lib/python3.11/site-packages/urllib3/util/retry.py:490: in increment
    raise reraise(type(error), error, _stacktrace)
          ^^^^^^^^^^^^^^^^^^^^^^^^^^^^^^^^^^^^^^^^
/root/.venv/lib/python3.11/site-packages/urllib3/util/util.py:39: in reraise
    raise value
/root/.venv/lib/python3.11/site-packages/urllib3/connectionpool.py:787: in urlopen
    response = self._make_request(
/root/.venv/lib/python3.11/site-packages/urllib3/connectionpool.py:536: in _make_request
    self._raise_timeout(err=e, url=url, timeout_value=read_timeout)
/root/.venv/lib/python3.11/site-packages/urllib3/connectionpool.py:367: in _raise_timeout
    raise ReadTimeoutError(
E   urllib3.exceptions.ReadTimeoutError: HTTPSConnectionPool(host='waypoint-nav-1.preview.emergentagent.com', port=443): Read timed out. (read timeout=10)

During handling of the above exception, another exception occurred:
backend/tests/test_vrp_solver_audit.py:29: in test_backend_health
    response = requests.get(f"{BASE_URL}/api/", timeout=10)
               ^^^^^^^^^^^^^^^^^^^^^^^^^^^^^^^^^^^^^^^^^^^^
/root/.venv/lib/python3.11/site-packages/requests/api.py:73: in get
    return request("get", url, params=params, **kwargs)
           ^^^^^^^^^^^^^^^^^^^^^^^^^^^^^^^^^^^^^^^^^^^^
/root/.venv/lib/python3.11/site-packages/requests/api.py:59: in request
    return session.request(method=method, url=url, **kwargs)
           ^^^^^^^^^^^^^^^^^^^^^^^^^^^^^^^^^^^^^^^^^^^^^^^^^
/root/.venv/lib/python3.11/site-packages/requests/sessions.py:589: in request
    resp = self.send(prep, **send_kwargs)
           ^^^^^^^^^^^^^^^^^^^^^^^^^^^^^^
/root/.venv/lib/python3.11/site-packages/requests/sessions.py:703: in send
    r = adapter.send(request, **kwargs)
        ^^^^^^^^^^^^^^^^^^^^^^^^^^^^^^^
/root/.venv/lib/python3.11/site-packages/requests/adapters.py:690: in send
    raise ReadTimeout(e, request=request)
E   requests.exceptions.ReadTimeout: HTTPSConnectionPool(host='waypoint-nav-1.preview.emergentagent.com', port=443): Read timed out. (read timeout=10)</failure></testcase><testcase classname="backend.tests.test_vrp_solver_audit.TestStopsEndpoint" name="test_get_stops_returns_200" time="5.143" /><testcase classname="backend.tests.test_vrp_solver_audit.TestStopsEndpoint" name="test_get_stops_returns_list" time="23.721" /><testcase classname="backend.tests.test_vrp_solver_audit.TestStopsEndpoint" name="test_stops_have_required_fields" time="0.169" /><testcase classname="backend.tests.test_vrp_solver_audit.TestORToolsOptimization" name="test_optimize_ortools_returns_200" time="60.138"><failure message="AssertionError: Expected 200, got 502: The preview environment is not responding. It may be starting up.&#10;  &#10;assert 502 == 200&#10; +  where 502 = &lt;Response [502]&gt;.status_code">backend/tests/test_vrp_solver_audit.py:83: in test_optimize_ortools_returns_200
    assert response.status_code == 200, f"Expected 200, got {response.status_code}: {response.text}"
E   AssertionError: Expected 200, got 502: The preview environment is not responding. It may be starting up.
E     
E   assert 502 == 200
E    +  where 502 = &lt;Response [502]&gt;.status_code</failure></testcase><testcase classname="backend.tests.test_vrp_solver_audit.TestORToolsOptimization" name="test_optimize_ortools_response_structure" time="60.135"><failure message="assert 502 == 200&#10; +  where 502 = &lt;Response [502]&gt;.status_code">backend/tests/test_vrp_solver_audit.py:94: in test_optimize_ortools_response_structure
    assert response.status_code == 200
E   assert 502 == 200
E    +  where 502 = &lt;Response [502]&gt;.status_code</failure></testcase><testcase classname="backend.tests.test_vrp_solver_audit.TestORToolsOptimization" name="test_distance_source_is_road_or_haversine" time="30.854" /><testcase classname="backend.tests.test_vrp_solver_audit.TestORToolsOptimization" name="test_stop_count_matches_stops_array_length" time="30.481" /><testcase classname="backend.tests.test_vrp_solver_audit.TestORToolsOptimization" name="test_no_duplicate_stops" time="16.038"><failure message="assert 500 == 200&#10; +  where 500 = &lt;Response [500]&gt;.status_code">backend/tests/test_vrp_solver_audit.py:152: in test_no_duplicate_stops
    assert response.status_code == 200
E   assert 500 == 200
E    +  where 500 = &lt;Response [500]&gt;.status_code</failure></testcase><testcase classname="backend.tests.test_vrp_solver_audit.TestRoadDistanceVsHaversine" name="test_road_distance_greater_than_haversine" time="44.798" /><testcase classname="backend.tests.test_vrp_solver_audit.TestORToolsOptimizationQuality" name="test_ortools_haversine_sum_reasonable" time="30.536" /><testcase classname="backend.tests.test_vrp_solver_audit.TestALNSOptimization" name="test_optimize_alns_returns_200" time="27.453" /><testcase classname="backend.tests.test_vrp_solver_audit.TestALNSOptimization" name="test_alns_response_has_distance_source" time="27.411" /><testcase classname="backend.tests.test_vrp_solver_audit.TestBenchmarkEndpoint" name="test_benchmark_returns_200" time="23.713" /><testcase classname="backend.tests.test_vrp_solver_audit.TestBenchmarkEndpoint" name="test_benchmark_has_results" time="24.072" /><testcase classname="backend.tests.test_vrp_solver_audit.TestBenchmarkEndpoint" name="test_benchmark_has_winner" time="23.765" /><testcase classname="backend.tests.test_vrp_solver_audit.TestAllStopsReturned" name="test_optimize_returns_all_stops" time="30.721" /><testcase classname="backend.tests.test_vrp_solver_audit.TestIntTruncationFix" name="test_ortools_handles_close_stops" time="31.646" /></testsuite></testsuites>