<?xml version="1.0" encoding="utf-8"?><testsuites name="pytest tests"><testsuite name="pytest" errors="0" failures="0" skipped="0" tests="17" time="5.160" timestamp="2026-04-01T15:13:07.568674+00:00" hostname="agent-env-79958b34-9e92-409b-b370-da8fa5b37792"><testcase classname="backend.tests.test_stop_id_stability.TestStopIDStability" name="test_get_stops_returns_stable_ids" time="0.180" /><testcase classname="backend.tests.test_stop_id_stability.TestStopIDStability" name="test_get_stops_twice_returns_identical_ids" time="0.830" /><testcase classname="backend.tests.test_stop_id_stability.TestStopIDStability" name="test_create_stop_generates_uuid" time="0.182" /><testcase classname="backend.tests.test_stop_id_stability.TestStopIDStability" name="test_update_stop_preserves_id" time="0.230" /><testcase classname="backend.tests.test_stop_id_stability.TestStopIDStability" name="test_update_stop_notes_preserves_id" time="0.306" /><testcase classname="backend.tests.test_stop_id_stability.TestStopIDStability" name="test_delete_stop_returns_success" time="0.299" /><testcase classname="backend.tests.test_stop_id_stability.TestStopIDStability" name="test_complete_stop_preserves_id" time="0.225" /><testcase classname="backend.tests.test_stop_id_stability.TestStopIDStability" name="test_uncomplete_stop_preserves_id" time="0.300" /><testcase classname="backend.tests.test_stop_id_stability.TestStopIDStability" name="test_complete_then_uncomplete_preserves_id" time="0.219" /><testcase classname="backend.tests.test_stop_id_stability.TestStopIDStability" name="test_optimize_returns_stable_ids" time="0.266" /><testcase classname="backend.tests.test_stop_id_stability.TestStopIDStability" name="test_car_next_stops_returns_valid_ids" time="0.132" /><testcase classname="backend.tests.test_stop_id_stability.TestStopIDStability" name="test_reorder_stops_preserves_ids" time="0.667" /><testcase classname="backend.tests.test_stop_id_stability.TestStopIDStability" name="test_regeocode_stop_preserves_id" time="0.221" /><testcase classname="backend.tests.test_stop_id_stability.TestStopIDStabilityEdgeCases" name="test_multiple_reads_same_stop" time="0.495" /><testcase classname="backend.tests.test_stop_id_stability.TestStopIDStabilityEdgeCases" name="test_no_validation_error_on_get_stops" time="0.144" /><testcase classname="backend.tests.test_stop_id_stability.TestStopIDStabilityEdgeCases" name="test_car_stop_action_preserves_id" time="0.242" /><testcase classname="backend.tests.test_stop_id_stability.TestCleanup" name="test_cleanup_test_stops" time="0.131" /></testsuite></testsuites>