<?xml version="1.0" encoding="utf-8"?><testsuites name="pytest tests"><testsuite name="pytest" errors="0" failures="0" skipped="0" tests="24" time="1.223" timestamp="2026-02-27T13:47:31.660844+00:00" hostname="agent-env-5a1c7fba-dc61-4b95-b767-b91ff1236319"><testcase classname="backend.tests.test_route_progress_observer.TestRouteProgressObserverInstantiation" name="test_instantiation_with_default_config" time="0.000" /><testcase classname="backend.tests.test_route_progress_observer.TestRouteProgressObserverInstantiation" name="test_instantiation_with_custom_config" time="0.000" /><testcase classname="backend.tests.test_route_progress_observer.TestRouteProgressObserverInstantiation" name="test_instantiation_with_full_config" time="0.000" /><testcase classname="backend.tests.test_route_progress_observer.TestRouteProgressObserverMethods" name="test_set_navigation_data" time="0.000" /><testcase classname="backend.tests.test_route_progress_observer.TestRouteProgressObserverMethods" name="test_reset_to_first_leg" time="0.000" /><testcase classname="backend.tests.test_route_progress_observer.TestRouteProgressObserverMethods" name="test_set_leg_index" time="0.000" /><testcase classname="backend.tests.test_route_progress_observer.TestOnRouteProgressChanged" name="test_progress_with_no_navigation_data" time="0.000" /><testcase classname="backend.tests.test_route_progress_observer.TestOnRouteProgressChanged" name="test_progress_returns_correct_data" time="0.007" /><testcase classname="backend.tests.test_route_progress_observer.TestOnRouteProgressChanged" name="test_arrival_detection_within_radius" time="0.000" /><testcase classname="backend.tests.test_route_progress_observer.TestOnRouteProgressChanged" name="test_arrival_cooldown_prevents_duplicate" time="0.000" /><testcase classname="backend.tests.test_route_progress_observer.TestOnRouteProgressChanged" name="test_all_complete_on_last_leg" time="0.000" /><testcase classname="backend.tests.test_route_progress_observer.TestBuildRouteResetQuery" name="test_build_route_reset_query_format" time="0.000" /><testcase classname="backend.tests.test_route_progress_observer.TestBuildRouteResetQuery" name="test_build_route_reset_query_with_empty_waypoints" time="0.000" /><testcase classname="backend.tests.test_route_progress_observer.TestBuildUpdatedStopsGeoJSON" name="test_geojson_feature_collection_structure" time="0.000" /><testcase classname="backend.tests.test_route_progress_observer.TestBuildUpdatedStopsGeoJSON" name="test_geojson_feature_properties" time="0.000" /><testcase classname="backend.tests.test_route_progress_observer.TestBuildUpdatedStopsGeoJSON" name="test_geojson_coordinates_format" time="0.000" /><testcase classname="backend.tests.test_route_progress_observer.TestBuildUpdatedStopsGeoJSON" name="test_geojson_with_no_data" time="0.000" /><testcase classname="backend.tests.test_route_progress_observer.TestBackendAPIs" name="test_api_health" time="0.332" /><testcase classname="backend.tests.test_route_progress_observer.TestBackendAPIs" name="test_api_stops" time="0.164" /><testcase classname="backend.tests.test_route_progress_observer.TestBackendAPIs" name="test_api_mapbox_token" time="0.170" /><testcase classname="backend.tests.test_route_progress_observer.TestBackendAPIs" name="test_api_directions" time="0.397" /><testcase classname="backend.tests.test_route_progress_observer.TestCalculateDistance" name="test_calculate_distance_same_point" time="0.001" /><testcase classname="backend.tests.test_route_progress_observer.TestCalculateDistance" name="test_calculate_distance_known_points" time="0.000" /><testcase classname="backend.tests.test_route_progress_observer.TestCalculateDistance" name="test_calculate_distance_within_arrival_radius" time="0.000" /></testsuite></testsuites>